{"/Users/gy/WebstormProjects/vue3T/3/babel.config.js": {"path":"/Users/gy/WebstormProjects/vue3T/3/babel.config.js","statementMap":{"0":{"start":{"line":1,"column":0},"end":{"line":null,"column":-1}}},"fnMap":{},"branchMap":{},"s":{"0":0},"f":{},"b":{}}
,"/Users/gy/WebstormProjects/vue3T/3/vue.config.js": {"path":"/Users/gy/WebstormProjects/vue3T/3/vue.config.js","statementMap":{"0":{"start":{"line":1,"column":0},"end":{"line":null,"column":-1}}},"fnMap":{},"branchMap":{},"s":{"0":0},"f":{},"b":{}}
,"/Users/gy/WebstormProjects/vue3T/3/apollo-server/context.js": {"path":"/Users/gy/WebstormProjects/vue3T/3/apollo-server/context.js","statementMap":{"0":{"start":{"line":1,"column":0},"end":{"line":null,"column":-1}},"1":{"start":{"line":2,"column":0},"end":{"line":null,"column":-1}},"2":{"start":{"line":10,"column":2},"end":{"line":null,"column":-1}}},"fnMap":{},"branchMap":{},"s":{"0":0,"1":0,"2":0},"f":{},"b":{}}
,"/Users/gy/WebstormProjects/vue3T/3/apollo-server/data-sources.js": {"path":"/Users/gy/WebstormProjects/vue3T/3/apollo-server/data-sources.js","statementMap":{"0":{"start":{"line":2,"column":2},"end":{"line":null,"column":-1}}},"fnMap":{"0":{"name":"_default","decl":{"start":{"line":1,"column":15},"end":{"line":1,"column":25}},"loc":{"start":{"line":1,"column":26},"end":{"line":3,"column":1}}}},"branchMap":{},"s":{"0":0},"f":{"0":0},"b":{}}
,"/Users/gy/WebstormProjects/vue3T/3/apollo-server/resolvers.js": {"path":"/Users/gy/WebstormProjects/vue3T/3/apollo-server/resolvers.js","statementMap":{"0":{"start":{"line":1,"column":0},"end":{"line":null,"column":-1}},"1":{"start":{"line":2,"column":0},"end":{"line":null,"column":-1}},"2":{"start":{"line":9,"column":26},"end":{"line":9,"column":57}},"3":{"start":{"line":14,"column":32},"end":{"line":13,"column":9}},"4":{"start":{"line":15,"column":38},"end":{"line":13,"column":9}},"5":{"start":{"line":16,"column":37},"end":{"line":null,"column":-1}},"6":{"start":{"line":22,"column":22},"end":{"line":22,"column":6}},"7":{"start":{"line":23,"column":6},"end":{"line":null,"column":-1}},"8":{"start":{"line":24,"column":6},"end":{"line":null,"column":-1}},"9":{"start":{"line":27,"column":22},"end":{"line":27,"column":6}},"10":{"start":{"line":32,"column":6},"end":{"line":null,"column":-1}},"11":{"start":{"line":38,"column":6},"end":{"line":null,"column":-1}},"12":{"start":{"line":40,"column":6},"end":{"line":null,"column":-1}},"13":{"start":{"line":43,"column":57},"end":{"line":20,"column":12}},"14":{"start":{"line":44,"column":60},"end":{"line":null,"column":-1}},"15":{"start":{"line":50,"column":47},"end":{"line":null,"column":-1}},"16":{"start":{"line":54,"column":24},"end":{"line":54,"column":8}},"17":{"start":{"line":55,"column":20},"end":{"line":55,"column":8}},"18":{"start":{"line":56,"column":8},"end":{"line":null,"column":-1}},"19":{"start":{"line":56,"column":26},"end":{"line":56,"column":19}},"20":{"start":{"line":63,"column":8},"end":{"line":null,"column":-1}},"21":{"start":{"line":68,"column":47},"end":{"line":null,"column":-1}}},"fnMap":{"0":{"name":"(anonymous_0)","decl":{"start":{"line":9,"column":14},"end":{"line":9,"column":20}},"loc":{"start":{"line":9,"column":26},"end":{"line":9,"column":57}}},"1":{"name":"(anonymous_1)","decl":{"start":{"line":14,"column":11},"end":{"line":14,"column":12}},"loc":{"start":{"line":14,"column":32},"end":{"line":13,"column":9}}},"2":{"name":"(anonymous_2)","decl":{"start":{"line":15,"column":14},"end":{"line":15,"column":15}},"loc":{"start":{"line":15,"column":38},"end":{"line":13,"column":9}}},"3":{"name":"(anonymous_3)","decl":{"start":{"line":16,"column":13},"end":{"line":16,"column":14}},"loc":{"start":{"line":16,"column":37},"end":{"line":null,"column":-1}}},"4":{"name":"(anonymous_4)","decl":{"start":{"line":21,"column":16},"end":{"line":21,"column":17}},"loc":{"start":{"line":21,"column":41},"end":{"line":20,"column":12}}},"5":{"name":"(anonymous_5)","decl":{"start":{"line":26,"column":16},"end":{"line":26,"column":17}},"loc":{"start":{"line":26,"column":53},"end":{"line":20,"column":12}}},"6":{"name":"(anonymous_6)","decl":{"start":{"line":43,"column":18},"end":{"line":43,"column":19}},"loc":{"start":{"line":43,"column":57},"end":{"line":20,"column":12}}},"7":{"name":"(anonymous_7)","decl":{"start":{"line":44,"column":20},"end":{"line":44,"column":21}},"loc":{"start":{"line":44,"column":60},"end":{"line":null,"column":-1}}},"8":{"name":"(anonymous_8)","decl":{"start":{"line":50,"column":17},"end":{"line":50,"column":18}},"loc":{"start":{"line":50,"column":47},"end":{"line":null,"column":-1}}},"9":{"name":"(anonymous_9)","decl":{"start":{"line":53,"column":17},"end":{"line":53,"column":18}},"loc":{"start":{"line":53,"column":47},"end":{"line":64,"column":7}}},"10":{"name":"(anonymous_10)","decl":{"start":{"line":56,"column":20},"end":{"line":56,"column":25}},"loc":{"start":{"line":56,"column":26},"end":{"line":56,"column":19}}},"11":{"name":"(anonymous_11)","decl":{"start":{"line":68,"column":17},"end":{"line":68,"column":18}},"loc":{"start":{"line":68,"column":47},"end":{"line":null,"column":-1}}}},"branchMap":{"0":{"loc":{"start":{"line":14,"column":40},"end":{"line":14,"column":44}},"type":"binary-expr","locations":[{"start":{"line":14,"column":40},"end":{"line":14,"column":44}},{"start":{"line":14,"column":48},"end":{"line":14,"column":56}}]}},"s":{"0":0,"1":0,"2":0,"3":0,"4":0,"5":0,"6":0,"7":0,"8":0,"9":0,"10":0,"11":0,"12":0,"13":0,"14":0,"15":0,"16":0,"17":0,"18":0,"19":0,"20":0,"21":0},"f":{"0":0,"1":0,"2":0,"3":0,"4":0,"5":0,"6":0,"7":0,"8":0,"9":0,"10":0,"11":0},"b":{"0":[0,0]}}
,"/Users/gy/WebstormProjects/vue3T/3/apollo-server/server.js": {"path":"/Users/gy/WebstormProjects/vue3T/3/apollo-server/server.js","statementMap":{"0":{"start":{"line":1,"column":0},"end":{"line":null,"column":-1}},"1":{"start":{"line":2,"column":0},"end":{"line":null,"column":-1}},"2":{"start":{"line":5,"column":2},"end":{"line":null,"column":-1}}},"fnMap":{},"branchMap":{},"s":{"0":0,"1":0,"2":0},"f":{},"b":{}}
,"/Users/gy/WebstormProjects/vue3T/3/apollo-server/type-defs.js": {"path":"/Users/gy/WebstormProjects/vue3T/3/apollo-server/type-defs.js","statementMap":{"0":{"start":{"line":1,"column":0},"end":{"line":null,"column":-1}},"1":{"start":{"line":2,"column":0},"end":{"line":null,"column":-1}}},"fnMap":{},"branchMap":{},"s":{"0":0,"1":0},"f":{},"b":{}}
,"/Users/gy/WebstormProjects/vue3T/3/apollo-server/utils/db.js": {"path":"/Users/gy/WebstormProjects/vue3T/3/apollo-server/utils/db.js","statementMap":{"0":{"start":{"line":1,"column":0},"end":{"line":null,"column":-1}},"1":{"start":{"line":2,"column":0},"end":{"line":null,"column":-1}},"2":{"start":{"line":3,"column":0},"end":{"line":null,"column":-1}},"3":{"start":{"line":4,"column":0},"end":{"line":null,"column":-1}},"4":{"start":{"line":6,"column":0},"end":{"line":null,"column":-1}},"5":{"start":{"line":8,"column":18},"end":{"line":8,"column":7}},"6":{"start":{"line":11,"column":0},"end":{"line":null,"column":-1}}},"fnMap":{},"branchMap":{},"s":{"0":0,"1":0,"2":0,"3":0,"4":0,"5":0,"6":0},"f":{},"b":{}}
,"/Users/gy/WebstormProjects/vue3T/3/apollo-server/utils/upload.js": {"path":"/Users/gy/WebstormProjects/vue3T/3/apollo-server/utils/upload.js","statementMap":{"0":{"start":{"line":1,"column":0},"end":{"line":null,"column":-1}},"1":{"start":{"line":2,"column":0},"end":{"line":null,"column":-1}},"2":{"start":{"line":3,"column":0},"end":{"line":null,"column":-1}},"3":{"start":{"line":4,"column":0},"end":{"line":null,"column":-1}},"4":{"start":{"line":5,"column":0},"end":{"line":null,"column":-1}},"5":{"start":{"line":7,"column":18},"end":{"line":7,"column":0}},"6":{"start":{"line":10,"column":0},"end":{"line":null,"column":-1}},"7":{"start":{"line":12,"column":20},"end":{"line":12,"column":0}},"8":{"start":{"line":13,"column":13},"end":{"line":13,"column":2}},"9":{"start":{"line":14,"column":16},"end":{"line":14,"column":2}},"10":{"start":{"line":15,"column":16},"end":{"line":15,"column":2}},"11":{"start":{"line":16,"column":19},"end":{"line":16,"column":2}},"12":{"start":{"line":18,"column":2},"end":{"line":null,"column":-1}},"13":{"start":{"line":19,"column":4},"end":{"line":18,"column":9}},"14":{"start":{"line":21,"column":26},"end":{"line":19,"column":4}},"15":{"start":{"line":26,"column":19},"end":{"line":26,"column":0}},"16":{"start":{"line":27,"column":2},"end":{"line":26,"column":0}},"17":{"start":{"line":34,"column":51},"end":{"line":34,"column":2}},"18":{"start":{"line":35,"column":23},"end":{"line":35,"column":2}},"19":{"start":{"line":36,"column":2},"end":{"line":null,"column":-1}}},"fnMap":{"0":{"name":"(anonymous_0)","decl":{"start":{"line":12,"column":20},"end":{"line":12,"column":26}},"loc":{"start":{"line":12,"column":52},"end":{"line":12,"column":0}}},"1":{"name":"(anonymous_1)","decl":{"start":{"line":18,"column":21},"end":{"line":18,"column":22}},"loc":{"start":{"line":19,"column":4},"end":{"line":18,"column":9}}},"2":{"name":"(anonymous_2)","decl":{"start":{"line":21,"column":20},"end":{"line":21,"column":25}},"loc":{"start":{"line":21,"column":26},"end":{"line":19,"column":4}}},"3":{"name":"(anonymous_3)","decl":{"start":{"line":26,"column":19},"end":{"line":26,"column":22}},"loc":{"start":{"line":27,"column":2},"end":{"line":26,"column":0}}},"4":{"name":"processUpload","decl":{"start":{"line":33,"column":22},"end":{"line":33,"column":7}},"loc":{"start":{"line":33,"column":43},"end":{"line":37,"column":1}}}},"branchMap":{},"s":{"0":0,"1":0,"2":0,"3":0,"4":0,"5":0,"6":0,"7":0,"8":0,"9":0,"10":0,"11":0,"12":0,"13":0,"14":0,"15":0,"16":0,"17":0,"18":0,"19":0},"f":{"0":0,"1":0,"2":0,"3":0,"4":0},"b":{}}
,"/Users/gy/WebstormProjects/vue3T/3/src/App.vue": {"path":"/Users/gy/WebstormProjects/vue3T/3/src/App.vue","statementMap":{"0":{"start":{"line":17,"column":0},"end":{"line":null,"column":-1}},"1":{"start":{"line":24,"column":0},"end":{"line":null,"column":-1}},"2":{"start":{"line":31,"column":0},"end":{"line":null,"column":-1}},"3":{"start":{"line":38,"column":0},"end":{"line":null,"column":-1}},"4":{"start":{"line":44,"column":0},"end":{"line":null,"column":-1}}},"fnMap":{"0":{"name":"(anonymous_1)","decl":{"start":{"line":30,"column":0},"end":{"line":null,"column":-1}},"loc":{"start":{"line":30,"column":0},"end":{"line":32,"column":0}}}},"branchMap":{},"s":{"0":0,"1":0,"2":0,"3":0,"4":0},"f":{"0":0},"b":{}}
,"/Users/gy/WebstormProjects/vue3T/3/src/main.js": {"path":"/Users/gy/WebstormProjects/vue3T/3/src/main.js","statementMap":{"0":{"start":{"line":1,"column":0},"end":{"line":null,"column":-1}},"1":{"start":{"line":2,"column":0},"end":{"line":null,"column":-1}},"2":{"start":{"line":3,"column":0},"end":{"line":null,"column":-1}},"3":{"start":{"line":4,"column":0},"end":{"line":null,"column":-1}},"4":{"start":{"line":5,"column":0},"end":{"line":null,"column":-1}},"5":{"start":{"line":6,"column":0},"end":{"line":null,"column":-1}},"6":{"start":{"line":7,"column":0},"end":{"line":null,"column":-1}},"7":{"start":{"line":10,"column":0},"end":{"line":null,"column":-1}},"8":{"start":{"line":14,"column":0},"end":{"line":null,"column":-1}},"9":{"start":{"line":16,"column":0},"end":{"line":null,"column":-1}},"10":{"start":{"line":20,"column":15},"end":{"line":20,"column":16}}},"fnMap":{"0":{"name":"(anonymous_0)","decl":{"start":{"line":20,"column":10},"end":{"line":20,"column":11}},"loc":{"start":{"line":20,"column":15},"end":{"line":20,"column":16}}}},"branchMap":{},"s":{"0":0,"1":0,"2":0,"3":0,"4":0,"5":0,"6":0,"7":0,"8":0,"9":0,"10":0},"f":{"0":0},"b":{}}
,"/Users/gy/WebstormProjects/vue3T/3/src/router.js": {"path":"/Users/gy/WebstormProjects/vue3T/3/src/router.js","statementMap":{"0":{"start":{"line":1,"column":0},"end":{"line":null,"column":-1}},"1":{"start":{"line":2,"column":0},"end":{"line":null,"column":-1}},"2":{"start":{"line":3,"column":0},"end":{"line":null,"column":-1}},"3":{"start":{"line":5,"column":0},"end":{"line":null,"column":-1}},"4":{"start":{"line":22,"column":17},"end":{"line":null,"column":-1}}},"fnMap":{"0":{"name":"(anonymous_0)","decl":{"start":{"line":22,"column":17},"end":{"line":22,"column":61}},"loc":{"start":{"line":22,"column":17},"end":{"line":null,"column":-1}}}},"branchMap":{},"s":{"0":0,"1":0,"2":0,"3":0,"4":0},"f":{"0":0},"b":{}}
,"/Users/gy/WebstormProjects/vue3T/3/src/store.js": {"path":"/Users/gy/WebstormProjects/vue3T/3/src/store.js","statementMap":{"0":{"start":{"line":1,"column":0},"end":{"line":null,"column":-1}},"1":{"start":{"line":2,"column":0},"end":{"line":null,"column":-1}},"2":{"start":{"line":4,"column":0},"end":{"line":null,"column":-1}}},"fnMap":{},"branchMap":{},"s":{"0":0,"1":0,"2":0},"f":{},"b":{}}
,"/Users/gy/WebstormProjects/vue3T/3/src/vue-apollo.js": {"path":"/Users/gy/WebstormProjects/vue3T/3/src/vue-apollo.js","statementMap":{"0":{"start":{"line":4,"column":0},"end":{"line":null,"column":-1}},"1":{"start":{"line":5,"column":0},"end":{"line":null,"column":-1}},"2":{"start":{"line":6,"column":0},"end":{"line":null,"column":-1}},"3":{"start":{"line":7,"column":0},"end":{"line":null,"column":-1}},"4":{"start":{"line":8,"column":0},"end":{"line":null,"column":-1}},"5":{"start":{"line":9,"column":0},"end":{"line":null,"column":-1}},"6":{"start":{"line":10,"column":0},"end":{"line":null,"column":-1}},"7":{"start":{"line":17,"column":17},"end":{"line":17,"column":0}},"8":{"start":{"line":22,"column":23},"end":{"line":22,"column":0}},"9":{"start":{"line":23,"column":4},"end":{"line":null,"column":-1}},"10":{"start":{"line":28,"column":4},"end":{"line":null,"column":-1}},"11":{"start":{"line":31,"column":17},"end":{"line":31,"column":0}},"12":{"start":{"line":33,"column":18},"end":{"line":33,"column":0}},"13":{"start":{"line":34,"column":4},"end":{"line":36,"column":5}},"14":{"start":{"line":37,"column":4},"end":{"line":39,"column":5}},"15":{"start":{"line":44,"column":21},"end":{"line":44,"column":0}},"16":{"start":{"line":51,"column":0},"end":{"line":null,"column":-1}},"17":{"start":{"line":54,"column":23},"end":{"line":54,"column":0}}},"fnMap":{"0":{"name":"(anonymous_0)","decl":{"start":{"line":22,"column":38},"end":{"line":22,"column":39}},"loc":{"start":{"line":22,"column":62},"end":{"line":22,"column":23}}},"1":{"name":"(anonymous_1)","decl":{"start":{"line":33,"column":26},"end":{"line":33,"column":27}},"loc":{"start":{"line":33,"column":56},"end":{"line":33,"column":18}}}},"branchMap":{"0":{"loc":{"start":{"line":34,"column":4},"end":{"line":36,"column":5}},"type":"if","locations":[{"start":{"line":34,"column":4},"end":{"line":36,"column":5}},{"start":{"line":34,"column":4},"end":{"line":36,"column":5}}]},"1":{"loc":{"start":{"line":34,"column":7},"end":{"line":34,"column":6}},"type":"binary-expr","locations":[{"start":{"line":34,"column":7},"end":{"line":34,"column":6}},{"start":{"line":34,"column":41},"end":{"line":34,"column":4}}]},"2":{"loc":{"start":{"line":37,"column":4},"end":{"line":39,"column":5}},"type":"if","locations":[{"start":{"line":37,"column":4},"end":{"line":39,"column":5}},{"start":{"line":37,"column":4},"end":{"line":39,"column":5}}]}},"s":{"0":0,"1":0,"2":0,"3":0,"4":0,"5":0,"6":0,"7":0,"8":0,"9":0,"10":0,"11":0,"12":0,"13":0,"14":0,"15":0,"16":0,"17":0},"f":{"0":0,"1":0},"b":{"0":[0,0],"1":[0,0],"2":[0,0]}}
,"/Users/gy/WebstormProjects/vue3T/3/src/field/index.js": {"path":"/Users/gy/WebstormProjects/vue3T/3/src/field/index.js","statementMap":{"0":{"start":{"line":5,"column":0},"end":{"line":null,"column":-1}},"1":{"start":{"line":7,"column":0},"end":{"line":null,"column":-1}},"2":{"start":{"line":8,"column":0},"end":{"line":null,"column":-1}},"3":{"start":{"line":10,"column":0},"end":{"line":null,"column":-1}},"4":{"start":{"line":11,"column":0},"end":{"line":null,"column":-1}},"5":{"start":{"line":12,"column":0},"end":{"line":null,"column":-1}},"6":{"start":{"line":13,"column":0},"end":{"line":null,"column":-1}},"7":{"start":{"line":14,"column":0},"end":{"line":null,"column":-1}},"8":{"start":{"line":15,"column":0},"end":{"line":null,"column":-1}},"9":{"start":{"line":16,"column":0},"end":{"line":null,"column":-1}},"10":{"start":{"line":17,"column":0},"end":{"line":null,"column":-1}},"11":{"start":{"line":18,"column":0},"end":{"line":null,"column":-1}},"12":{"start":{"line":20,"column":0},"end":{"line":null,"column":-1}},"13":{"start":{"line":21,"column":0},"end":{"line":null,"column":-1}},"14":{"start":{"line":22,"column":0},"end":{"line":null,"column":-1}},"15":{"start":{"line":25,"column":21},"end":{"line":25,"column":0}},"16":{"start":{"line":43,"column":4},"end":{"line":null,"column":-1}},"17":{"start":{"line":44,"column":4},"end":{"line":null,"column":-1}},"18":{"start":{"line":45,"column":4},"end":{"line":null,"column":-1}},"19":{"start":{"line":46,"column":6},"end":{"line":null,"column":-1}}},"fnMap":{"0":{"name":"(anonymous_0)","decl":{"start":{"line":45,"column":37},"end":{"line":45,"column":35}},"loc":{"start":{"line":45,"column":46},"end":{"line":45,"column":4}}}},"branchMap":{},"s":{"0":0,"1":0,"2":0,"3":0,"4":0,"5":0,"6":0,"7":0,"8":0,"9":0,"10":0,"11":0,"12":0,"13":0,"14":0,"15":0,"16":0,"17":0,"18":0,"19":0},"f":{"0":0},"b":{}}
,"/Users/gy/WebstormProjects/vue3T/3/src/field/common/mixinBosInput.js": {"path":"/Users/gy/WebstormProjects/vue3T/3/src/field/common/mixinBosInput.js","statementMap":{"0":{"start":{"line":1,"column":31},"end":{"line":1,"column":7}},"1":{"start":{"line":4,"column":4},"end":{"line":null,"column":-1}},"2":{"start":{"line":11,"column":10},"end":{"line":null,"column":-1}},"3":{"start":{"line":14,"column":10},"end":{"line":null,"column":-1}},"4":{"start":{"line":89,"column":27},"end":{"line":89,"column":8}},"5":{"start":{"line":90,"column":8},"end":{"line":null,"column":-1}},"6":{"start":{"line":93,"column":27},"end":{"line":93,"column":8}},"7":{"start":{"line":94,"column":8},"end":{"line":null,"column":-1}},"8":{"start":{"line":100,"column":18},"end":{"line":100,"column":6}},"9":{"start":{"line":101,"column":6},"end":{"line":98,"column":13}},"10":{"start":{"line":103,"column":23},"end":{"line":103,"column":6}},"11":{"start":{"line":104,"column":6},"end":{"line":null,"column":-1}},"12":{"start":{"line":105,"column":21},"end":{"line":105,"column":8}},"13":{"start":{"line":106,"column":8},"end":{"line":null,"column":-1}},"14":{"start":{"line":107,"column":8},"end":{"line":113,"column":9}},"15":{"start":{"line":108,"column":10},"end":{"line":null,"column":-1}},"16":{"start":{"line":109,"column":25},"end":{"line":109,"column":12}},"17":{"start":{"line":111,"column":12},"end":{"line":null,"column":-1}},"18":{"start":{"line":114,"column":8},"end":{"line":null,"column":-1}},"19":{"start":{"line":121,"column":6},"end":{"line":null,"column":-1}},"20":{"start":{"line":124,"column":6},"end":{"line":null,"column":-1}},"21":{"start":{"line":127,"column":6},"end":{"line":null,"column":-1}},"22":{"start":{"line":130,"column":6},"end":{"line":null,"column":-1}},"23":{"start":{"line":133,"column":6},"end":{"line":132,"column":32}},"24":{"start":{"line":133,"column":58},"end":{"line":132,"column":32}},"25":{"start":{"line":137,"column":6},"end":{"line":139,"column":7}},"26":{"start":{"line":138,"column":8},"end":{"line":null,"column":-1}},"27":{"start":{"line":140,"column":6},"end":{"line":null,"column":-1}},"28":{"start":{"line":146,"column":6},"end":{"line":null,"column":-1}}},"fnMap":{"0":{"name":"(anonymous_0)","decl":{"start":{"line":10,"column":15},"end":{"line":10,"column":24}},"loc":{"start":{"line":10,"column":32},"end":{"line":9,"column":22}}},"1":{"name":"(anonymous_1)","decl":{"start":{"line":13,"column":14},"end":{"line":13,"column":23}},"loc":{"start":{"line":13,"column":31},"end":{"line":15,"column":9}}},"2":{"name":"(anonymous_2)","decl":{"start":{"line":88,"column":11},"end":{"line":88,"column":22}},"loc":{"start":{"line":88,"column":23},"end":{"line":87,"column":13}}},"3":{"name":"(anonymous_3)","decl":{"start":{"line":92,"column":11},"end":{"line":92,"column":20}},"loc":{"start":{"line":92,"column":29},"end":{"line":95,"column":7}}},"4":{"name":"(anonymous_4)","decl":{"start":{"line":104,"column":23},"end":{"line":104,"column":32}},"loc":{"start":{"line":104,"column":39},"end":{"line":104,"column":13}}},"5":{"name":"(anonymous_5)","decl":{"start":{"line":108,"column":29},"end":{"line":108,"column":38}},"loc":{"start":{"line":108,"column":80},"end":{"line":108,"column":10}}}},"branchMap":{"0":{"loc":{"start":{"line":89,"column":44},"end":{"line":89,"column":27}},"type":"cond-expr","locations":[{"start":{"line":89,"column":44},"end":{"line":89,"column":27}},{"start":{"line":89,"column":59},"end":{"line":89,"column":8}}]},"1":{"loc":{"start":{"line":93,"column":44},"end":{"line":93,"column":27}},"type":"cond-expr","locations":[{"start":{"line":93,"column":44},"end":{"line":93,"column":27}},{"start":{"line":93,"column":59},"end":{"line":93,"column":8}}]},"2":{"loc":{"start":{"line":101,"column":22},"end":{"line":101,"column":21}},"type":"binary-expr","locations":[{"start":{"line":101,"column":22},"end":{"line":101,"column":21}},{"start":{"line":101,"column":36},"end":{"line":101,"column":21}}]},"3":{"loc":{"start":{"line":107,"column":8},"end":{"line":113,"column":9}},"type":"if","locations":[{"start":{"line":107,"column":8},"end":{"line":113,"column":9}},{"start":{"line":107,"column":8},"end":{"line":113,"column":9}}]},"4":{"loc":{"start":{"line":111,"column":41},"end":{"line":111,"column":21}},"type":"cond-expr","locations":[{"start":{"line":111,"column":41},"end":{"line":111,"column":21}},{"start":{"line":111,"column":121},"end":{"line":111,"column":20}}]},"5":{"loc":{"start":{"line":111,"column":68},"end":{"line":111,"column":52}},"type":"cond-expr","locations":[{"start":{"line":111,"column":68},"end":{"line":111,"column":52}},{"start":{"line":111,"column":84},"end":{"line":111,"column":51}}]},"6":{"loc":{"start":{"line":133,"column":6},"end":{"line":132,"column":32}},"type":"if","locations":[{"start":{"line":133,"column":6},"end":{"line":132,"column":32}},{"start":{"line":133,"column":6},"end":{"line":132,"column":32}}]},"7":{"loc":{"start":{"line":133,"column":10},"end":{"line":133,"column":9}},"type":"binary-expr","locations":[{"start":{"line":133,"column":10},"end":{"line":133,"column":9}},{"start":{"line":133,"column":26},"end":{"line":133,"column":6}}]},"8":{"loc":{"start":{"line":137,"column":6},"end":{"line":139,"column":7}},"type":"if","locations":[{"start":{"line":137,"column":6},"end":{"line":139,"column":7}},{"start":{"line":137,"column":6},"end":{"line":139,"column":7}}]},"9":{"loc":{"start":{"line":138,"column":35},"end":{"line":138,"column":15}},"type":"cond-expr","locations":[{"start":{"line":138,"column":35},"end":{"line":138,"column":15}},{"start":{"line":138,"column":42},"end":{"line":138,"column":8}}]}},"s":{"0":0,"1":0,"2":0,"3":0,"4":0,"5":0,"6":0,"7":0,"8":0,"9":0,"10":0,"11":0,"12":0,"13":0,"14":0,"15":0,"16":0,"17":0,"18":0,"19":0,"20":0,"21":0,"22":0,"23":0,"24":0,"25":0,"26":0,"27":0,"28":0},"f":{"0":0,"1":0,"2":0,"3":0,"4":0,"5":0},"b":{"0":[0,0],"1":[0,0],"2":[0,0],"3":[0,0],"4":[0,0],"5":[0,0],"6":[0,0],"7":[0,0],"8":[0,0],"9":[0,0]}}
,"/Users/gy/WebstormProjects/vue3T/3/src/field/common/mixinComponent.js": {"path":"/Users/gy/WebstormProjects/vue3T/3/src/field/common/mixinComponent.js","statementMap":{"0":{"start":{"line":2,"column":2},"end":{"line":null,"column":-1}},"1":{"start":{"line":5,"column":25},"end":{"line":5,"column":7}},"2":{"start":{"line":6,"column":2},"end":{"line":6,"column":67}},"3":{"start":{"line":6,"column":67},"end":{"line":null,"column":-1}},"4":{"start":{"line":7,"column":2},"end":{"line":null,"column":-1}},"5":{"start":{"line":10,"column":16},"end":{"line":10,"column":0}},"6":{"start":{"line":13,"column":4},"end":{"line":null,"column":-1}},"7":{"start":{"line":16,"column":4},"end":{"line":null,"column":-1}},"8":{"start":{"line":19,"column":4},"end":{"line":null,"column":-1}},"9":{"start":{"line":22,"column":4},"end":{"line":null,"column":-1}},"10":{"start":{"line":25,"column":4},"end":{"line":null,"column":-1}},"11":{"start":{"line":28,"column":4},"end":{"line":null,"column":-1}},"12":{"start":{"line":31,"column":4},"end":{"line":null,"column":-1}},"13":{"start":{"line":35,"column":28},"end":{"line":35,"column":7}},"14":{"start":{"line":37,"column":4},"end":{"line":null,"column":-1}},"15":{"start":{"line":48,"column":6},"end":{"line":null,"column":-1}},"16":{"start":{"line":55,"column":4},"end":{"line":null,"column":-1}},"17":{"start":{"line":59,"column":20},"end":{"line":59,"column":6}},"18":{"start":{"line":60,"column":16},"end":{"line":60,"column":6}},"19":{"start":{"line":61,"column":22},"end":{"line":61,"column":8}},"20":{"start":{"line":62,"column":10},"end":{"line":null,"column":-1}},"21":{"start":{"line":65,"column":18},"end":{"line":65,"column":8}},"22":{"start":{"line":65,"column":34},"end":{"line":65,"column":8}},"23":{"start":{"line":66,"column":8},"end":{"line":77,"column":9}},"24":{"start":{"line":68,"column":10},"end":{"line":72,"column":11}},"25":{"start":{"line":69,"column":12},"end":{"line":null,"column":-1}},"26":{"start":{"line":71,"column":12},"end":{"line":null,"column":-1}},"27":{"start":{"line":73,"column":10},"end":{"line":76,"column":11}},"28":{"start":{"line":74,"column":12},"end":{"line":null,"column":-1}},"29":{"start":{"line":75,"column":12},"end":{"line":null,"column":-1}},"30":{"start":{"line":80,"column":18},"end":{"line":80,"column":6}},"31":{"start":{"line":84,"column":10},"end":{"line":null,"column":-1}},"32":{"start":{"line":85,"column":10},"end":{"line":null,"column":-1}},"33":{"start":{"line":88,"column":10},"end":{"line":null,"column":-1}},"34":{"start":{"line":89,"column":10},"end":{"line":null,"column":-1}},"35":{"start":{"line":92,"column":10},"end":{"line":null,"column":-1}},"36":{"start":{"line":93,"column":10},"end":{"line":null,"column":-1}},"37":{"start":{"line":96,"column":10},"end":{"line":null,"column":-1}},"38":{"start":{"line":97,"column":10},"end":{"line":null,"column":-1}},"39":{"start":{"line":100,"column":6},"end":{"line":null,"column":-1}},"40":{"start":{"line":103,"column":6},"end":{"line":null,"column":-1}},"41":{"start":{"line":109,"column":6},"end":{"line":null,"column":-1}},"42":{"start":{"line":116,"column":6},"end":{"line":null,"column":-1}},"43":{"start":{"line":118,"column":8},"end":{"line":124,"column":9}},"44":{"start":{"line":119,"column":10},"end":{"line":121,"column":11}},"45":{"start":{"line":120,"column":12},"end":{"line":null,"column":-1}},"46":{"start":{"line":122,"column":15},"end":{"line":124,"column":9}},"47":{"start":{"line":123,"column":10},"end":{"line":null,"column":-1}},"48":{"start":{"line":125,"column":8},"end":{"line":null,"column":-1}},"49":{"start":{"line":126,"column":8},"end":{"line":128,"column":9}},"50":{"start":{"line":127,"column":10},"end":{"line":null,"column":-1}},"51":{"start":{"line":132,"column":6},"end":{"line":null,"column":-1}},"52":{"start":{"line":136,"column":6},"end":{"line":null,"column":-1}},"53":{"start":{"line":140,"column":6},"end":{"line":null,"column":-1}},"54":{"start":{"line":143,"column":6},"end":{"line":142,"column":14}},"55":{"start":{"line":143,"column":40},"end":{"line":142,"column":14}},"56":{"start":{"line":148,"column":6},"end":{"line":null,"column":-1}},"57":{"start":{"line":149,"column":19},"end":{"line":149,"column":6}},"58":{"start":{"line":153,"column":30},"end":{"line":153,"column":10}},"59":{"start":{"line":154,"column":24},"end":{"line":154,"column":10}},"60":{"start":{"line":155,"column":23},"end":{"line":155,"column":10}},"61":{"start":{"line":157,"column":10},"end":{"line":null,"column":-1}},"62":{"start":{"line":158,"column":10},"end":{"line":160,"column":11}},"63":{"start":{"line":159,"column":12},"end":{"line":null,"column":-1}},"64":{"start":{"line":161,"column":10},"end":{"line":151,"column":32}},"65":{"start":{"line":162,"column":12},"end":{"line":null,"column":-1}},"66":{"start":{"line":165,"column":10},"end":{"line":null,"column":-1}},"67":{"start":{"line":168,"column":10},"end":{"line":null,"column":-1}},"68":{"start":{"line":172,"column":10},"end":{"line":null,"column":-1}},"69":{"start":{"line":177,"column":6},"end":{"line":147,"column":57}},"70":{"start":{"line":178,"column":6},"end":{"line":null,"column":-1}},"71":{"start":{"line":182,"column":6},"end":{"line":null,"column":-1}},"72":{"start":{"line":183,"column":8},"end":{"line":188,"column":9}},"73":{"start":{"line":184,"column":10},"end":{"line":null,"column":-1}},"74":{"start":{"line":187,"column":10},"end":{"line":null,"column":-1}},"75":{"start":{"line":190,"column":8},"end":{"line":189,"column":26}},"76":{"start":{"line":191,"column":8},"end":{"line":null,"column":-1}},"77":{"start":{"line":195,"column":6},"end":{"line":null,"column":-1}},"78":{"start":{"line":196,"column":8},"end":{"line":209,"column":9}},"79":{"start":{"line":197,"column":10},"end":{"line":null,"column":-1}},"80":{"start":{"line":200,"column":27},"end":{"line":200,"column":10}},"81":{"start":{"line":201,"column":10},"end":{"line":207,"column":11}},"82":{"start":{"line":203,"column":32},"end":{"line":203,"column":12}},"83":{"start":{"line":204,"column":26},"end":{"line":204,"column":12}},"84":{"start":{"line":205,"column":25},"end":{"line":205,"column":12}},"85":{"start":{"line":206,"column":12},"end":{"line":null,"column":-1}},"86":{"start":{"line":208,"column":10},"end":{"line":199,"column":13}},"87":{"start":{"line":211,"column":8},"end":{"line":210,"column":26}},"88":{"start":{"line":212,"column":8},"end":{"line":null,"column":-1}},"89":{"start":{"line":217,"column":6},"end":{"line":null,"column":-1}},"90":{"start":{"line":220,"column":6},"end":{"line":null,"column":-1}},"91":{"start":{"line":224,"column":6},"end":{"line":null,"column":-1}},"92":{"start":{"line":225,"column":6},"end":{"line":null,"column":-1}},"93":{"start":{"line":228,"column":6},"end":{"line":null,"column":-1}},"94":{"start":{"line":229,"column":6},"end":{"line":null,"column":-1}}},"fnMap":{"0":{"name":"outPutInfo","decl":{"start":{"line":1,"column":9},"end":{"line":1,"column":0}},"loc":{"start":{"line":1,"column":26},"end":{"line":3,"column":1}}},"1":{"name":"(anonymous_1)","decl":{"start":{"line":5,"column":25},"end":{"line":5,"column":34}},"loc":{"start":{"line":5,"column":47},"end":{"line":5,"column":7}}},"2":{"name":"(anonymous_2)","decl":{"start":{"line":60,"column":16},"end":{"line":60,"column":25}},"loc":{"start":{"line":60,"column":55},"end":{"line":60,"column":6}}},"3":{"name":"(anonymous_3)","decl":{"start":{"line":61,"column":22},"end":{"line":61,"column":31}},"loc":{"start":{"line":61,"column":57},"end":{"line":61,"column":8}}},"4":{"name":"(anonymous_4)","decl":{"start":{"line":83,"column":14},"end":{"line":83,"column":25}},"loc":{"start":{"line":83,"column":26},"end":{"line":80,"column":18}}},"5":{"name":"(anonymous_5)","decl":{"start":{"line":87,"column":16},"end":{"line":87,"column":27}},"loc":{"start":{"line":87,"column":28},"end":{"line":80,"column":18}}},"6":{"name":"(anonymous_6)","decl":{"start":{"line":91,"column":13},"end":{"line":91,"column":24}},"loc":{"start":{"line":91,"column":25},"end":{"line":80,"column":18}}},"7":{"name":"(anonymous_7)","decl":{"start":{"line":95,"column":11},"end":{"line":95,"column":20}},"loc":{"start":{"line":95,"column":31},"end":{"line":98,"column":9}}},"8":{"name":"(anonymous_8)","decl":{"start":{"line":116,"column":27},"end":{"line":116,"column":38}},"loc":{"start":{"line":116,"column":39},"end":{"line":116,"column":6}}},"9":{"name":"(anonymous_9)","decl":{"start":{"line":151,"column":16},"end":{"line":151,"column":25}},"loc":{"start":{"line":151,"column":32},"end":{"line":149,"column":19}}},"10":{"name":"(anonymous_10)","decl":{"start":{"line":182,"column":44},"end":{"line":182,"column":42}},"loc":{"start":{"line":182,"column":53},"end":{"line":182,"column":6}}},"11":{"name":"(anonymous_11)","decl":{"start":{"line":189,"column":16},"end":{"line":189,"column":14}},"loc":{"start":{"line":189,"column":26},"end":{"line":182,"column":6}}},"12":{"name":"(anonymous_12)","decl":{"start":{"line":195,"column":43},"end":{"line":195,"column":41}},"loc":{"start":{"line":195,"column":52},"end":{"line":195,"column":6}}},"13":{"name":"(anonymous_13)","decl":{"start":{"line":210,"column":16},"end":{"line":210,"column":14}},"loc":{"start":{"line":210,"column":26},"end":{"line":195,"column":6}}}},"branchMap":{"0":{"loc":{"start":{"line":2,"column":16},"end":{"line":2,"column":13}},"type":"cond-expr","locations":[{"start":{"line":2,"column":16},"end":{"line":2,"column":13}},{"start":{"line":2,"column":23},"end":{"line":2,"column":2}}]},"1":{"loc":{"start":{"line":5,"column":43},"end":{"line":5,"column":25}},"type":"default-arg","locations":[{"start":{"line":5,"column":43},"end":{"line":5,"column":25}}]},"2":{"loc":{"start":{"line":6,"column":2},"end":{"line":6,"column":67}},"type":"if","locations":[{"start":{"line":6,"column":2},"end":{"line":6,"column":67}},{"start":{"line":6,"column":2},"end":{"line":6,"column":67}}]},"3":{"loc":{"start":{"line":31,"column":22},"end":{"line":31,"column":27}},"type":"binary-expr","locations":[{"start":{"line":31,"column":22},"end":{"line":31,"column":27}},{"start":{"line":31,"column":31},"end":{"line":31,"column":21}}]},"4":{"loc":{"start":{"line":68,"column":10},"end":{"line":72,"column":11}},"type":"if","locations":[{"start":{"line":68,"column":10},"end":{"line":72,"column":11}},{"start":{"line":68,"column":10},"end":{"line":72,"column":11}}]},"5":{"loc":{"start":{"line":73,"column":10},"end":{"line":76,"column":11}},"type":"if","locations":[{"start":{"line":73,"column":10},"end":{"line":76,"column":11}},{"start":{"line":73,"column":10},"end":{"line":76,"column":11}}]},"6":{"loc":{"start":{"line":118,"column":8},"end":{"line":124,"column":9}},"type":"if","locations":[{"start":{"line":118,"column":8},"end":{"line":124,"column":9}},{"start":{"line":118,"column":8},"end":{"line":124,"column":9}}]},"7":{"loc":{"start":{"line":118,"column":12},"end":{"line":118,"column":11}},"type":"binary-expr","locations":[{"start":{"line":118,"column":12},"end":{"line":118,"column":11}},{"start":{"line":118,"column":56},"end":{"line":118,"column":8}}]},"8":{"loc":{"start":{"line":119,"column":10},"end":{"line":121,"column":11}},"type":"if","locations":[{"start":{"line":119,"column":10},"end":{"line":121,"column":11}},{"start":{"line":119,"column":10},"end":{"line":121,"column":11}}]},"9":{"loc":{"start":{"line":122,"column":15},"end":{"line":124,"column":9}},"type":"if","locations":[{"start":{"line":122,"column":15},"end":{"line":124,"column":9}},{"start":{"line":122,"column":15},"end":{"line":124,"column":9}}]},"10":{"loc":{"start":{"line":122,"column":19},"end":{"line":122,"column":18}},"type":"binary-expr","locations":[{"start":{"line":122,"column":19},"end":{"line":122,"column":18}},{"start":{"line":122,"column":63},"end":{"line":122,"column":15}}]},"11":{"loc":{"start":{"line":126,"column":8},"end":{"line":128,"column":9}},"type":"if","locations":[{"start":{"line":126,"column":8},"end":{"line":128,"column":9}},{"start":{"line":126,"column":8},"end":{"line":128,"column":9}}]},"12":{"loc":{"start":{"line":126,"column":11},"end":{"line":126,"column":10}},"type":"binary-expr","locations":[{"start":{"line":126,"column":11},"end":{"line":126,"column":10}},{"start":{"line":126,"column":55},"end":{"line":126,"column":8}}]},"13":{"loc":{"start":{"line":143,"column":6},"end":{"line":142,"column":14}},"type":"if","locations":[{"start":{"line":143,"column":6},"end":{"line":142,"column":14}},{"start":{"line":143,"column":6},"end":{"line":142,"column":14}}]},"14":{"loc":{"start":{"line":148,"column":40},"end":{"line":148,"column":20}},"type":"cond-expr","locations":[{"start":{"line":148,"column":40},"end":{"line":148,"column":20}},{"start":{"line":148,"column":54},"end":{"line":148,"column":6}}]},"15":{"loc":{"start":{"line":158,"column":10},"end":{"line":160,"column":11}},"type":"if","locations":[{"start":{"line":158,"column":10},"end":{"line":160,"column":11}},{"start":{"line":158,"column":10},"end":{"line":160,"column":11}}]},"16":{"loc":{"start":{"line":158,"column":14},"end":{"line":158,"column":20}},"type":"binary-expr","locations":[{"start":{"line":158,"column":14},"end":{"line":158,"column":20}},{"start":{"line":158,"column":24},"end":{"line":158,"column":10}}]},"17":{"loc":{"start":{"line":161,"column":10},"end":{"line":151,"column":32}},"type":"if","locations":[{"start":{"line":161,"column":10},"end":{"line":151,"column":32}},{"start":{"line":161,"column":10},"end":{"line":151,"column":32}}]},"18":{"loc":{"start":{"line":161,"column":14},"end":{"line":161,"column":20}},"type":"binary-expr","locations":[{"start":{"line":161,"column":14},"end":{"line":161,"column":20}},{"start":{"line":161,"column":24},"end":{"line":161,"column":10}}]},"19":{"loc":{"start":{"line":165,"column":27},"end":{"line":165,"column":17}},"type":"cond-expr","locations":[{"start":{"line":165,"column":27},"end":{"line":165,"column":17}},{"start":{"line":165,"column":35},"end":{"line":165,"column":10}}]},"20":{"loc":{"start":{"line":165,"column":70},"end":{"line":165,"column":35}},"type":"cond-expr","locations":[{"start":{"line":165,"column":70},"end":{"line":165,"column":35}},{"start":{"line":165,"column":87},"end":{"line":165,"column":10}}]},"21":{"loc":{"start":{"line":172,"column":32},"end":{"line":172,"column":29}},"type":"cond-expr","locations":[{"start":{"line":172,"column":32},"end":{"line":172,"column":29}},{"start":{"line":172,"column":58},"end":{"line":172,"column":10}}]},"22":{"loc":{"start":{"line":183,"column":8},"end":{"line":188,"column":9}},"type":"if","locations":[{"start":{"line":183,"column":8},"end":{"line":188,"column":9}},{"start":{"line":183,"column":8},"end":{"line":188,"column":9}}]},"23":{"loc":{"start":{"line":196,"column":8},"end":{"line":209,"column":9}},"type":"if","locations":[{"start":{"line":196,"column":8},"end":{"line":209,"column":9}},{"start":{"line":196,"column":8},"end":{"line":209,"column":9}}]},"24":{"loc":{"start":{"line":201,"column":10},"end":{"line":207,"column":11}},"type":"if","locations":[{"start":{"line":201,"column":10},"end":{"line":207,"column":11}},{"start":{"line":201,"column":10},"end":{"line":207,"column":11}}]},"25":{"loc":{"start":{"line":206,"column":35},"end":{"line":206,"column":25}},"type":"cond-expr","locations":[{"start":{"line":206,"column":35},"end":{"line":206,"column":25}},{"start":{"line":206,"column":43},"end":{"line":206,"column":12}}]},"26":{"loc":{"start":{"line":206,"column":78},"end":{"line":206,"column":43}},"type":"cond-expr","locations":[{"start":{"line":206,"column":78},"end":{"line":206,"column":43}},{"start":{"line":206,"column":95},"end":{"line":206,"column":12}}]}},"s":{"0":0,"1":0,"2":0,"3":0,"4":0,"5":0,"6":0,"7":0,"8":0,"9":0,"10":0,"11":0,"12":0,"13":0,"14":0,"15":0,"16":0,"17":0,"18":0,"19":0,"20":0,"21":0,"22":0,"23":0,"24":0,"25":0,"26":0,"27":0,"28":0,"29":0,"30":0,"31":0,"32":0,"33":0,"34":0,"35":0,"36":0,"37":0,"38":0,"39":0,"40":0,"41":0,"42":0,"43":0,"44":0,"45":0,"46":0,"47":0,"48":0,"49":0,"50":0,"51":0,"52":0,"53":0,"54":0,"55":0,"56":0,"57":0,"58":0,"59":0,"60":0,"61":0,"62":0,"63":0,"64":0,"65":0,"66":0,"67":0,"68":0,"69":0,"70":0,"71":0,"72":0,"73":0,"74":0,"75":0,"76":0,"77":0,"78":0,"79":0,"80":0,"81":0,"82":0,"83":0,"84":0,"85":0,"86":0,"87":0,"88":0,"89":0,"90":0,"91":0,"92":0,"93":0,"94":0},"f":{"0":0,"1":0,"2":0,"3":0,"4":0,"5":0,"6":0,"7":0,"8":0,"9":0,"10":0,"11":0,"12":0,"13":0},"b":{"0":[0,0],"1":[0],"2":[0,0],"3":[0,0],"4":[0,0],"5":[0,0],"6":[0,0],"7":[0,0],"8":[0,0],"9":[0,0],"10":[0,0],"11":[0,0],"12":[0,0],"13":[0,0],"14":[0,0],"15":[0,0],"16":[0,0],"17":[0,0],"18":[0,0],"19":[0,0],"20":[0,0],"21":[0,0],"22":[0,0],"23":[0,0],"24":[0,0],"25":[0,0],"26":[0,0]}}
,"/Users/gy/WebstormProjects/vue3T/3/src/field/common/upload.js": {"path":"/Users/gy/WebstormProjects/vue3T/3/src/field/common/upload.js","statementMap":{"0":{"start":{"line":7,"column":19},"end":{"line":7,"column":7}},"1":{"start":{"line":8,"column":2},"end":{"line":null,"column":-1}},"2":{"start":{"line":9,"column":2},"end":{"line":null,"column":-1}},"3":{"start":{"line":13,"column":27},"end":{"line":13,"column":7}}},"fnMap":{"0":{"name":"(anonymous_0)","decl":{"start":{"line":7,"column":19},"end":{"line":7,"column":27}},"loc":{"start":{"line":7,"column":38},"end":{"line":7,"column":7}}}},"branchMap":{},"s":{"0":0,"1":0,"2":0,"3":0},"f":{"0":0},"b":{}}
,"/Users/gy/WebstormProjects/vue3T/3/src/field/components/bos-paginator.vue": {"path":"/Users/gy/WebstormProjects/vue3T/3/src/field/components/bos-paginator.vue","statementMap":{"0":{"start":{"line":19,"column":0},"end":{"line":null,"column":-1}},"1":{"start":{"line":31,"column":0},"end":{"line":null,"column":-1}}},"fnMap":{},"branchMap":{},"s":{"0":1,"1":0},"f":{},"b":{}}
,"/Users/gy/WebstormProjects/vue3T/3/src/field/components/bos-table-column.vue": {"path":"/Users/gy/WebstormProjects/vue3T/3/src/field/components/bos-table-column.vue","statementMap":{"0":{"start":{"line":12,"column":0},"end":{"line":null,"column":-1}},"1":{"start":{"line":15,"column":0},"end":{"line":null,"column":-1}},"2":{"start":{"line":41,"column":0},"end":{"line":null,"column":-1}},"3":{"start":{"line":46,"column":0},"end":{"line":null,"column":-1}},"4":{"start":{"line":47,"column":0},"end":{"line":null,"column":-1}},"5":{"start":{"line":48,"column":0},"end":{"line":null,"column":-1}},"6":{"start":{"line":49,"column":0},"end":{"line":null,"column":-1}},"7":{"start":{"line":50,"column":0},"end":{"line":53,"column":0}},"8":{"start":{"line":51,"column":0},"end":{"line":null,"column":-1}},"9":{"start":{"line":52,"column":0},"end":{"line":null,"column":-1}},"10":{"start":{"line":54,"column":0},"end":{"line":null,"column":-1}}},"fnMap":{},"branchMap":{"0":{"loc":{"start":{"line":46,"column":0},"end":{"line":null,"column":-1}},"type":"if","locations":[{"start":{"line":46,"column":0},"end":{"line":null,"column":-1}},{"start":{"line":46,"column":0},"end":{"line":null,"column":-1}}]},"1":{"loc":{"start":{"line":47,"column":0},"end":{"line":null,"column":-1}},"type":"if","locations":[{"start":{"line":47,"column":0},"end":{"line":null,"column":-1}},{"start":{"line":47,"column":0},"end":{"line":null,"column":-1}}]},"2":{"loc":{"start":{"line":52,"column":0},"end":{"line":null,"column":-1}},"type":"if","locations":[{"start":{"line":52,"column":0},"end":{"line":null,"column":-1}},{"start":{"line":52,"column":0},"end":{"line":null,"column":-1}}]}},"s":{"0":0,"1":0,"2":0,"3":0,"4":0,"5":0,"6":0,"7":0,"8":0,"9":0,"10":0},"f":{},"b":{"0":[0,0],"1":[0,0],"2":[0,0]}}
,"/Users/gy/WebstormProjects/vue3T/3/src/field/components/field-checkbox.vue": {"path":"/Users/gy/WebstormProjects/vue3T/3/src/field/components/field-checkbox.vue","statementMap":{"0":{"start":{"line":15,"column":0},"end":{"line":null,"column":-1}},"1":{"start":{"line":16,"column":0},"end":{"line":null,"column":-1}},"2":{"start":{"line":49,"column":0},"end":{"line":null,"column":-1}},"3":{"start":{"line":52,"column":0},"end":{"line":null,"column":-1}},"4":{"start":{"line":55,"column":0},"end":{"line":null,"column":-1}},"5":{"start":{"line":58,"column":0},"end":{"line":null,"column":-1}}},"fnMap":{},"branchMap":{},"s":{"0":0,"1":0,"2":0,"3":0,"4":0,"5":0},"f":{},"b":{}}
,"/Users/gy/WebstormProjects/vue3T/3/src/field/components/field-date-picker.vue": {"path":"/Users/gy/WebstormProjects/vue3T/3/src/field/components/field-date-picker.vue","statementMap":{"0":{"start":{"line":16,"column":0},"end":{"line":null,"column":-1}},"1":{"start":{"line":17,"column":0},"end":{"line":null,"column":-1}},"2":{"start":{"line":75,"column":0},"end":{"line":null,"column":-1}},"3":{"start":{"line":78,"column":0},"end":{"line":null,"column":-1}},"4":{"start":{"line":81,"column":0},"end":{"line":null,"column":-1}}},"fnMap":{},"branchMap":{},"s":{"0":0,"1":0,"2":0,"3":0,"4":0},"f":{},"b":{}}
,"/Users/gy/WebstormProjects/vue3T/3/src/field/components/field-dialog.vue": {"path":"/Users/gy/WebstormProjects/vue3T/3/src/field/components/field-dialog.vue","statementMap":{"0":{"start":{"line":16,"column":0},"end":{"line":null,"column":-1}},"1":{"start":{"line":28,"column":0},"end":{"line":null,"column":-1}},"2":{"start":{"line":31,"column":0},"end":{"line":null,"column":-1}},"3":{"start":{"line":34,"column":0},"end":{"line":null,"column":-1}}},"fnMap":{},"branchMap":{},"s":{"0":0,"1":0,"2":0,"3":0},"f":{},"b":{}}
,"/Users/gy/WebstormProjects/vue3T/3/src/field/components/field-entity.vue": {"path":"/Users/gy/WebstormProjects/vue3T/3/src/field/components/field-entity.vue","statementMap":{"0":{"start":{"line":27,"column":0},"end":{"line":null,"column":-1}},"1":{"start":{"line":28,"column":0},"end":{"line":null,"column":-1}},"2":{"start":{"line":36,"column":0},"end":{"line":null,"column":-1}},"3":{"start":{"line":67,"column":0},"end":{"line":null,"column":-1}},"4":{"start":{"line":85,"column":0},"end":{"line":null,"column":-1}},"5":{"start":{"line":93,"column":0},"end":{"line":null,"column":-1}},"6":{"start":{"line":99,"column":0},"end":{"line":107,"column":0}},"7":{"start":{"line":100,"column":0},"end":{"line":null,"column":-1}},"8":{"start":{"line":102,"column":0},"end":{"line":106,"column":0}},"9":{"start":{"line":103,"column":0},"end":{"line":null,"column":-1}},"10":{"start":{"line":105,"column":0},"end":{"line":null,"column":-1}},"11":{"start":{"line":110,"column":0},"end":{"line":null,"column":-1}},"12":{"start":{"line":113,"column":0},"end":{"line":null,"column":-1}},"13":{"start":{"line":116,"column":0},"end":{"line":null,"column":-1}},"14":{"start":{"line":119,"column":0},"end":{"line":null,"column":-1}},"15":{"start":{"line":122,"column":0},"end":{"line":null,"column":-1}},"16":{"start":{"line":125,"column":0},"end":{"line":null,"column":-1}},"17":{"start":{"line":137,"column":0},"end":{"line":144,"column":0}},"18":{"start":{"line":138,"column":0},"end":{"line":null,"column":-1}},"19":{"start":{"line":139,"column":0},"end":{"line":null,"column":-1}},"20":{"start":{"line":140,"column":0},"end":{"line":null,"column":-1}},"21":{"start":{"line":142,"column":0},"end":{"line":null,"column":-1}},"22":{"start":{"line":143,"column":0},"end":{"line":null,"column":-1}},"23":{"start":{"line":148,"column":0},"end":{"line":150,"column":0}},"24":{"start":{"line":149,"column":0},"end":{"line":null,"column":-1}},"25":{"start":{"line":151,"column":0},"end":{"line":null,"column":-1}},"26":{"start":{"line":152,"column":0},"end":{"line":null,"column":-1}},"27":{"start":{"line":156,"column":0},"end":{"line":null,"column":-1}},"28":{"start":{"line":157,"column":0},"end":{"line":null,"column":-1}},"29":{"start":{"line":161,"column":0},"end":{"line":163,"column":0}},"30":{"start":{"line":162,"column":0},"end":{"line":null,"column":-1}},"31":{"start":{"line":167,"column":0},"end":{"line":173,"column":0}},"32":{"start":{"line":168,"column":0},"end":{"line":171,"column":0}},"33":{"start":{"line":169,"column":0},"end":{"line":null,"column":-1}},"34":{"start":{"line":170,"column":0},"end":{"line":null,"column":-1}},"35":{"start":{"line":172,"column":0},"end":{"line":null,"column":-1}},"36":{"start":{"line":177,"column":0},"end":{"line":null,"column":-1}},"37":{"start":{"line":180,"column":0},"end":{"line":null,"column":-1}},"38":{"start":{"line":181,"column":0},"end":{"line":null,"column":-1}},"39":{"start":{"line":184,"column":0},"end":{"line":186,"column":0}},"40":{"start":{"line":185,"column":0},"end":{"line":null,"column":-1}},"41":{"start":{"line":187,"column":0},"end":{"line":189,"column":0}},"42":{"start":{"line":188,"column":0},"end":{"line":null,"column":-1}},"43":{"start":{"line":190,"column":0},"end":{"line":null,"column":-1}},"44":{"start":{"line":191,"column":0},"end":{"line":193,"column":0}},"45":{"start":{"line":192,"column":0},"end":{"line":null,"column":-1}},"46":{"start":{"line":194,"column":0},"end":{"line":null,"column":-1}},"47":{"start":{"line":197,"column":0},"end":{"line":null,"column":-1}},"48":{"start":{"line":201,"column":0},"end":{"line":null,"column":-1}}},"fnMap":{"0":{"name":"(anonymous_1)","decl":{"start":{"line":67,"column":0},"end":{"line":null,"column":-1}},"loc":{"start":{"line":67,"column":0},"end":{"line":null,"column":-1}}},"1":{"name":"(anonymous_2)","decl":{"start":{"line":85,"column":0},"end":{"line":null,"column":-1}},"loc":{"start":{"line":85,"column":0},"end":{"line":null,"column":-1}}},"2":{"name":"(anonymous_3)","decl":{"start":{"line":92,"column":0},"end":{"line":null,"column":-1}},"loc":{"start":{"line":92,"column":0},"end":{"line":94,"column":0}}},"3":{"name":"(anonymous_4)","decl":{"start":{"line":168,"column":0},"end":{"line":null,"column":-1}},"loc":{"start":{"line":168,"column":0},"end":{"line":171,"column":0}}},"4":{"name":"(anonymous_5)","decl":{"start":{"line":169,"column":0},"end":{"line":null,"column":-1}},"loc":{"start":{"line":169,"column":0},"end":{"line":null,"column":-1}}},"5":{"name":"(anonymous_6)","decl":{"start":{"line":179,"column":0},"end":{"line":null,"column":-1}},"loc":{"start":{"line":179,"column":0},"end":{"line":195,"column":0}}},"6":{"name":"(anonymous_7)","decl":{"start":{"line":191,"column":0},"end":{"line":null,"column":-1}},"loc":{"start":{"line":191,"column":0},"end":{"line":193,"column":0}}}},"branchMap":{"0":{"loc":{"start":{"line":67,"column":0},"end":{"line":null,"column":-1}},"type":"cond-expr","locations":[{"start":{"line":67,"column":0},"end":{"line":null,"column":-1}},{"start":{"line":67,"column":0},"end":{"line":null,"column":-1}}]},"1":{"loc":{"start":{"line":85,"column":0},"end":{"line":null,"column":-1}},"type":"cond-expr","locations":[{"start":{"line":85,"column":0},"end":{"line":null,"column":-1}},{"start":{"line":85,"column":0},"end":{"line":null,"column":-1}}]},"2":{"loc":{"start":{"line":99,"column":0},"end":{"line":107,"column":0}},"type":"if","locations":[{"start":{"line":99,"column":0},"end":{"line":107,"column":0}},{"start":{"line":99,"column":0},"end":{"line":107,"column":0}}]},"3":{"loc":{"start":{"line":102,"column":0},"end":{"line":106,"column":0}},"type":"if","locations":[{"start":{"line":102,"column":0},"end":{"line":106,"column":0}},{"start":{"line":102,"column":0},"end":{"line":106,"column":0}}]},"4":{"loc":{"start":{"line":137,"column":0},"end":{"line":144,"column":0}},"type":"if","locations":[{"start":{"line":137,"column":0},"end":{"line":144,"column":0}},{"start":{"line":137,"column":0},"end":{"line":144,"column":0}}]},"5":{"loc":{"start":{"line":148,"column":0},"end":{"line":150,"column":0}},"type":"if","locations":[{"start":{"line":148,"column":0},"end":{"line":150,"column":0}},{"start":{"line":148,"column":0},"end":{"line":150,"column":0}}]},"6":{"loc":{"start":{"line":148,"column":0},"end":{"line":null,"column":-1}},"type":"binary-expr","locations":[{"start":{"line":148,"column":0},"end":{"line":null,"column":-1}},{"start":{"line":148,"column":0},"end":{"line":null,"column":-1}},{"start":{"line":148,"column":0},"end":{"line":null,"column":-1}},{"start":{"line":148,"column":0},"end":{"line":null,"column":-1}}]},"7":{"loc":{"start":{"line":161,"column":0},"end":{"line":163,"column":0}},"type":"if","locations":[{"start":{"line":161,"column":0},"end":{"line":163,"column":0}},{"start":{"line":161,"column":0},"end":{"line":163,"column":0}}]},"8":{"loc":{"start":{"line":167,"column":0},"end":{"line":173,"column":0}},"type":"if","locations":[{"start":{"line":167,"column":0},"end":{"line":173,"column":0}},{"start":{"line":167,"column":0},"end":{"line":173,"column":0}}]},"9":{"loc":{"start":{"line":184,"column":0},"end":{"line":186,"column":0}},"type":"if","locations":[{"start":{"line":184,"column":0},"end":{"line":186,"column":0}},{"start":{"line":184,"column":0},"end":{"line":186,"column":0}}]},"10":{"loc":{"start":{"line":184,"column":0},"end":{"line":null,"column":-1}},"type":"binary-expr","locations":[{"start":{"line":184,"column":0},"end":{"line":null,"column":-1}},{"start":{"line":184,"column":0},"end":{"line":null,"column":-1}}]},"11":{"loc":{"start":{"line":187,"column":0},"end":{"line":189,"column":0}},"type":"if","locations":[{"start":{"line":187,"column":0},"end":{"line":189,"column":0}},{"start":{"line":187,"column":0},"end":{"line":189,"column":0}}]},"12":{"loc":{"start":{"line":187,"column":0},"end":{"line":null,"column":-1}},"type":"binary-expr","locations":[{"start":{"line":187,"column":0},"end":{"line":null,"column":-1}},{"start":{"line":187,"column":0},"end":{"line":null,"column":-1}}]},"13":{"loc":{"start":{"line":190,"column":0},"end":{"line":null,"column":-1}},"type":"cond-expr","locations":[{"start":{"line":190,"column":0},"end":{"line":null,"column":-1}},{"start":{"line":190,"column":0},"end":{"line":null,"column":-1}}]},"14":{"loc":{"start":{"line":201,"column":0},"end":{"line":null,"column":-1}},"type":"binary-expr","locations":[{"start":{"line":201,"column":0},"end":{"line":null,"column":-1}},{"start":{"line":201,"column":0},"end":{"line":null,"column":-1}}]}},"s":{"0":0,"1":0,"2":0,"3":0,"4":0,"5":0,"6":0,"7":0,"8":0,"9":0,"10":0,"11":0,"12":0,"13":0,"14":0,"15":0,"16":0,"17":0,"18":0,"19":0,"20":0,"21":0,"22":0,"23":0,"24":0,"25":0,"26":0,"27":0,"28":0,"29":0,"30":0,"31":0,"32":0,"33":0,"34":0,"35":0,"36":0,"37":0,"38":0,"39":0,"40":0,"41":0,"42":0,"43":0,"44":0,"45":0,"46":0,"47":0,"48":0},"f":{"0":0,"1":0,"2":0,"3":0,"4":0,"5":0,"6":0},"b":{"0":[0,0],"1":[0,0],"2":[0,0],"3":[0,0],"4":[0,0],"5":[0,0],"6":[0,0,0,0],"7":[0,0],"8":[0,0],"9":[0,0],"10":[0,0],"11":[0,0],"12":[0,0],"13":[0,0],"14":[0,0]}}
,"/Users/gy/WebstormProjects/vue3T/3/src/field/components/field-image.vue": {"path":"/Users/gy/WebstormProjects/vue3T/3/src/field/components/field-image.vue","statementMap":{"0":{"start":{"line":24,"column":0},"end":{"line":null,"column":-1}},"1":{"start":{"line":25,"column":0},"end":{"line":null,"column":-1}},"2":{"start":{"line":26,"column":0},"end":{"line":null,"column":-1}},"3":{"start":{"line":27,"column":0},"end":{"line":null,"column":-1}},"4":{"start":{"line":45,"column":0},"end":{"line":null,"column":-1}},"5":{"start":{"line":46,"column":0},"end":{"line":null,"column":-1}},"6":{"start":{"line":48,"column":0},"end":{"line":50,"column":0}},"7":{"start":{"line":49,"column":0},"end":{"line":null,"column":-1}},"8":{"start":{"line":51,"column":0},"end":{"line":null,"column":-1}},"9":{"start":{"line":54,"column":0},"end":{"line":null,"column":-1}},"10":{"start":{"line":58,"column":0},"end":{"line":null,"column":-1}},"11":{"start":{"line":69,"column":0},"end":{"line":null,"column":-1}},"12":{"start":{"line":70,"column":0},"end":{"line":null,"column":-1}},"13":{"start":{"line":73,"column":0},"end":{"line":null,"column":-1}},"14":{"start":{"line":75,"column":0},"end":{"line":null,"column":-1}},"15":{"start":{"line":76,"column":0},"end":{"line":null,"column":-1}},"16":{"start":{"line":77,"column":0},"end":{"line":null,"column":-1}},"17":{"start":{"line":80,"column":0},"end":{"line":null,"column":-1}},"18":{"start":{"line":81,"column":0},"end":{"line":83,"column":0}},"19":{"start":{"line":82,"column":0},"end":{"line":null,"column":-1}},"20":{"start":{"line":84,"column":0},"end":{"line":null,"column":-1}},"21":{"start":{"line":87,"column":0},"end":{"line":null,"column":-1}},"22":{"start":{"line":90,"column":0},"end":{"line":null,"column":-1}},"23":{"start":{"line":91,"column":0},"end":{"line":null,"column":-1}},"24":{"start":{"line":92,"column":0},"end":{"line":116,"column":0}},"25":{"start":{"line":93,"column":0},"end":{"line":null,"column":-1}},"26":{"start":{"line":96,"column":0},"end":{"line":null,"column":-1}},"27":{"start":{"line":104,"column":0},"end":{"line":null,"column":-1}},"28":{"start":{"line":105,"column":0},"end":{"line":113,"column":0}},"29":{"start":{"line":106,"column":0},"end":{"line":110,"column":0}},"30":{"start":{"line":107,"column":0},"end":{"line":null,"column":-1}},"31":{"start":{"line":108,"column":0},"end":{"line":null,"column":-1}},"32":{"start":{"line":112,"column":0},"end":{"line":null,"column":-1}},"33":{"start":{"line":115,"column":0},"end":{"line":null,"column":-1}}},"fnMap":{"0":{"name":"(anonymous_1)","decl":{"start":{"line":48,"column":0},"end":{"line":null,"column":-1}},"loc":{"start":{"line":48,"column":0},"end":{"line":50,"column":0}}},"1":{"name":"(anonymous_2)","decl":{"start":{"line":92,"column":0},"end":{"line":null,"column":-1}},"loc":{"start":{"line":92,"column":0},"end":{"line":114,"column":0}}},"2":{"name":"(anonymous_3)","decl":{"start":{"line":105,"column":0},"end":{"line":null,"column":-1}},"loc":{"start":{"line":105,"column":0},"end":{"line":111,"column":0}}},"3":{"name":"(anonymous_4)","decl":{"start":{"line":111,"column":0},"end":{"line":null,"column":-1}},"loc":{"start":{"line":111,"column":0},"end":{"line":113,"column":0}}},"4":{"name":"(anonymous_5)","decl":{"start":{"line":114,"column":0},"end":{"line":null,"column":-1}},"loc":{"start":{"line":114,"column":0},"end":{"line":116,"column":0}}}},"branchMap":{"0":{"loc":{"start":{"line":45,"column":0},"end":{"line":null,"column":-1}},"type":"if","locations":[{"start":{"line":45,"column":0},"end":{"line":null,"column":-1}},{"start":{"line":45,"column":0},"end":{"line":null,"column":-1}}]},"1":{"loc":{"start":{"line":81,"column":0},"end":{"line":83,"column":0}},"type":"if","locations":[{"start":{"line":81,"column":0},"end":{"line":83,"column":0}},{"start":{"line":81,"column":0},"end":{"line":83,"column":0}}]},"2":{"loc":{"start":{"line":91,"column":0},"end":{"line":null,"column":-1}},"type":"if","locations":[{"start":{"line":91,"column":0},"end":{"line":null,"column":-1}},{"start":{"line":91,"column":0},"end":{"line":null,"column":-1}}]},"3":{"loc":{"start":{"line":106,"column":0},"end":{"line":110,"column":0}},"type":"if","locations":[{"start":{"line":106,"column":0},"end":{"line":110,"column":0}},{"start":{"line":106,"column":0},"end":{"line":110,"column":0}}]},"4":{"loc":{"start":{"line":107,"column":0},"end":{"line":null,"column":-1}},"type":"cond-expr","locations":[{"start":{"line":107,"column":0},"end":{"line":null,"column":-1}},{"start":{"line":107,"column":0},"end":{"line":null,"column":-1}}]}},"s":{"0":0,"1":0,"2":0,"3":0,"4":0,"5":0,"6":0,"7":0,"8":0,"9":0,"10":0,"11":0,"12":0,"13":0,"14":0,"15":0,"16":0,"17":0,"18":0,"19":0,"20":0,"21":0,"22":0,"23":0,"24":0,"25":0,"26":0,"27":0,"28":0,"29":0,"30":0,"31":0,"32":0,"33":0},"f":{"0":0,"1":0,"2":0,"3":0,"4":0},"b":{"0":[0,0],"1":[0,0],"2":[0,0],"3":[0,0],"4":[0,0]}}
,"/Users/gy/WebstormProjects/vue3T/3/src/field/components/field-input.vue": {"path":"/Users/gy/WebstormProjects/vue3T/3/src/field/components/field-input.vue","statementMap":{"0":{"start":{"line":13,"column":0},"end":{"line":null,"column":-1}},"1":{"start":{"line":14,"column":0},"end":{"line":null,"column":-1}},"2":{"start":{"line":16,"column":0},"end":{"line":null,"column":-1}},"3":{"start":{"line":18,"column":0},"end":{"line":null,"column":-1}},"4":{"start":{"line":19,"column":0},"end":{"line":null,"column":-1}},"5":{"start":{"line":20,"column":0},"end":{"line":null,"column":-1}},"6":{"start":{"line":21,"column":0},"end":{"line":null,"column":-1}},"7":{"start":{"line":24,"column":0},"end":{"line":null,"column":-1}},"8":{"start":{"line":25,"column":0},"end":{"line":null,"column":-1}},"9":{"start":{"line":26,"column":0},"end":{"line":null,"column":-1}},"10":{"start":{"line":27,"column":0},"end":{"line":29,"column":0}},"11":{"start":{"line":28,"column":0},"end":{"line":null,"column":-1}},"12":{"start":{"line":30,"column":0},"end":{"line":null,"column":-1}},"13":{"start":{"line":40,"column":0},"end":{"line":null,"column":-1}},"14":{"start":{"line":44,"column":0},"end":{"line":null,"column":-1}},"15":{"start":{"line":47,"column":0},"end":{"line":null,"column":-1}},"16":{"start":{"line":89,"column":0},"end":{"line":null,"column":-1}},"17":{"start":{"line":92,"column":0},"end":{"line":null,"column":-1}},"18":{"start":{"line":95,"column":0},"end":{"line":null,"column":-1}},"19":{"start":{"line":98,"column":0},"end":{"line":null,"column":-1}}},"fnMap":{"0":{"name":"(anonymous_1)","decl":{"start":{"line":17,"column":0},"end":{"line":null,"column":-1}},"loc":{"start":{"line":17,"column":0},"end":{"line":22,"column":0}}},"1":{"name":"(anonymous_2)","decl":{"start":{"line":23,"column":0},"end":{"line":null,"column":-1}},"loc":{"start":{"line":23,"column":0},"end":{"line":31,"column":0}}},"2":{"name":"(anonymous_3)","decl":{"start":{"line":43,"column":0},"end":{"line":null,"column":-1}},"loc":{"start":{"line":43,"column":0},"end":{"line":45,"column":0}}},"3":{"name":"(anonymous_4)","decl":{"start":{"line":46,"column":0},"end":{"line":null,"column":-1}},"loc":{"start":{"line":46,"column":0},"end":{"line":48,"column":0}}}},"branchMap":{"0":{"loc":{"start":{"line":18,"column":0},"end":{"line":null,"column":-1}},"type":"cond-expr","locations":[{"start":{"line":18,"column":0},"end":{"line":null,"column":-1}},{"start":{"line":18,"column":0},"end":{"line":null,"column":-1}}]},"1":{"loc":{"start":{"line":19,"column":0},"end":{"line":null,"column":-1}},"type":"cond-expr","locations":[{"start":{"line":19,"column":0},"end":{"line":null,"column":-1}},{"start":{"line":19,"column":0},"end":{"line":null,"column":-1}}]},"2":{"loc":{"start":{"line":20,"column":0},"end":{"line":null,"column":-1}},"type":"cond-expr","locations":[{"start":{"line":20,"column":0},"end":{"line":null,"column":-1}},{"start":{"line":20,"column":0},"end":{"line":null,"column":-1}}]},"3":{"loc":{"start":{"line":24,"column":0},"end":{"line":null,"column":-1}},"type":"cond-expr","locations":[{"start":{"line":24,"column":0},"end":{"line":null,"column":-1}},{"start":{"line":24,"column":0},"end":{"line":null,"column":-1}}]},"4":{"loc":{"start":{"line":25,"column":0},"end":{"line":null,"column":-1}},"type":"cond-expr","locations":[{"start":{"line":25,"column":0},"end":{"line":null,"column":-1}},{"start":{"line":25,"column":0},"end":{"line":null,"column":-1}}]},"5":{"loc":{"start":{"line":26,"column":0},"end":{"line":null,"column":-1}},"type":"cond-expr","locations":[{"start":{"line":26,"column":0},"end":{"line":null,"column":-1}},{"start":{"line":26,"column":0},"end":{"line":null,"column":-1}}]},"6":{"loc":{"start":{"line":27,"column":0},"end":{"line":29,"column":0}},"type":"if","locations":[{"start":{"line":27,"column":0},"end":{"line":29,"column":0}},{"start":{"line":27,"column":0},"end":{"line":29,"column":0}}]},"7":{"loc":{"start":{"line":44,"column":0},"end":{"line":null,"column":-1}},"type":"cond-expr","locations":[{"start":{"line":44,"column":0},"end":{"line":null,"column":-1}},{"start":{"line":44,"column":0},"end":{"line":null,"column":-1}}]},"8":{"loc":{"start":{"line":47,"column":0},"end":{"line":null,"column":-1}},"type":"cond-expr","locations":[{"start":{"line":47,"column":0},"end":{"line":null,"column":-1}},{"start":{"line":47,"column":0},"end":{"line":null,"column":-1}}]}},"s":{"0":0,"1":0,"2":0,"3":0,"4":0,"5":0,"6":0,"7":0,"8":0,"9":0,"10":0,"11":0,"12":0,"13":0,"14":0,"15":0,"16":0,"17":0,"18":0,"19":0},"f":{"0":0,"1":0,"2":0,"3":0},"b":{"0":[0,0],"1":[0,0],"2":[0,0],"3":[0,0],"4":[0,0],"5":[0,0],"6":[0,0],"7":[0,0],"8":[0,0]}}
,"/Users/gy/WebstormProjects/vue3T/3/src/field/components/field-radio.vue": {"path":"/Users/gy/WebstormProjects/vue3T/3/src/field/components/field-radio.vue","statementMap":{"0":{"start":{"line":12,"column":0},"end":{"line":null,"column":-1}},"1":{"start":{"line":13,"column":0},"end":{"line":null,"column":-1}},"2":{"start":{"line":42,"column":0},"end":{"line":null,"column":-1}},"3":{"start":{"line":45,"column":0},"end":{"line":null,"column":-1}},"4":{"start":{"line":48,"column":0},"end":{"line":null,"column":-1}}},"fnMap":{"0":{"name":"(anonymous_1)","decl":{"start":{"line":48,"column":0},"end":{"line":null,"column":-1}},"loc":{"start":{"line":48,"column":0},"end":{"line":null,"column":-1}}}},"branchMap":{"0":{"loc":{"start":{"line":48,"column":0},"end":{"line":null,"column":-1}},"type":"cond-expr","locations":[{"start":{"line":48,"column":0},"end":{"line":null,"column":-1}},{"start":{"line":48,"column":0},"end":{"line":null,"column":-1}}]}},"s":{"0":0,"1":0,"2":0,"3":0,"4":0},"f":{"0":0},"b":{"0":[0,0]}}
,"/Users/gy/WebstormProjects/vue3T/3/src/field/components/field-rich-text.vue": {"path":"/Users/gy/WebstormProjects/vue3T/3/src/field/components/field-rich-text.vue","statementMap":{"0":{"start":{"line":143,"column":0},"end":{"line":null,"column":-1}},"1":{"start":{"line":144,"column":0},"end":{"line":null,"column":-1}},"2":{"start":{"line":145,"column":0},"end":{"line":null,"column":-1}},"3":{"start":{"line":146,"column":0},"end":{"line":null,"column":-1}},"4":{"start":{"line":148,"column":0},"end":{"line":null,"column":-1}},"5":{"start":{"line":149,"column":0},"end":{"line":null,"column":-1}},"6":{"start":{"line":150,"column":0},"end":{"line":null,"column":-1}},"7":{"start":{"line":159,"column":0},"end":{"line":null,"column":-1}},"8":{"start":{"line":173,"column":0},"end":{"line":null,"column":-1}},"9":{"start":{"line":174,"column":0},"end":{"line":null,"column":-1}},"10":{"start":{"line":175,"column":0},"end":{"line":200,"column":0}},"11":{"start":{"line":176,"column":0},"end":{"line":null,"column":-1}},"12":{"start":{"line":178,"column":0},"end":{"line":null,"column":-1}},"13":{"start":{"line":185,"column":0},"end":{"line":null,"column":-1}},"14":{"start":{"line":186,"column":0},"end":{"line":199,"column":0}},"15":{"start":{"line":187,"column":0},"end":{"line":null,"column":-1}},"16":{"start":{"line":188,"column":0},"end":{"line":198,"column":0}},"17":{"start":{"line":189,"column":0},"end":{"line":195,"column":0}},"18":{"start":{"line":190,"column":0},"end":{"line":null,"column":-1}},"19":{"start":{"line":194,"column":0},"end":{"line":null,"column":-1}},"20":{"start":{"line":197,"column":0},"end":{"line":null,"column":-1}},"21":{"start":{"line":205,"column":0},"end":{"line":null,"column":-1}},"22":{"start":{"line":206,"column":0},"end":{"line":null,"column":-1}},"23":{"start":{"line":207,"column":0},"end":{"line":null,"column":-1}},"24":{"start":{"line":208,"column":0},"end":{"line":null,"column":-1}},"25":{"start":{"line":209,"column":0},"end":{"line":null,"column":-1}},"26":{"start":{"line":214,"column":0},"end":{"line":null,"column":-1}}},"fnMap":{"0":{"name":"(anonymous_1)","decl":{"start":{"line":175,"column":0},"end":{"line":null,"column":-1}},"loc":{"start":{"line":175,"column":0},"end":{"line":200,"column":0}}},"1":{"name":"(anonymous_2)","decl":{"start":{"line":188,"column":0},"end":{"line":null,"column":-1}},"loc":{"start":{"line":188,"column":0},"end":{"line":196,"column":0}}},"2":{"name":"(anonymous_3)","decl":{"start":{"line":196,"column":0},"end":{"line":null,"column":-1}},"loc":{"start":{"line":196,"column":0},"end":{"line":198,"column":0}}}},"branchMap":{"0":{"loc":{"start":{"line":174,"column":0},"end":{"line":null,"column":-1}},"type":"if","locations":[{"start":{"line":174,"column":0},"end":{"line":null,"column":-1}},{"start":{"line":174,"column":0},"end":{"line":null,"column":-1}}]},"1":{"loc":{"start":{"line":189,"column":0},"end":{"line":195,"column":0}},"type":"if","locations":[{"start":{"line":189,"column":0},"end":{"line":195,"column":0}},{"start":{"line":189,"column":0},"end":{"line":195,"column":0}}]},"2":{"loc":{"start":{"line":190,"column":0},"end":{"line":null,"column":-1}},"type":"cond-expr","locations":[{"start":{"line":190,"column":0},"end":{"line":null,"column":-1}},{"start":{"line":190,"column":0},"end":{"line":null,"column":-1}}]}},"s":{"0":0,"1":0,"2":0,"3":0,"4":0,"5":0,"6":0,"7":0,"8":0,"9":0,"10":0,"11":0,"12":0,"13":0,"14":0,"15":0,"16":0,"17":0,"18":0,"19":0,"20":0,"21":0,"22":0,"23":0,"24":0,"25":0,"26":0},"f":{"0":0,"1":0,"2":0},"b":{"0":[0,0],"1":[0,0],"2":[0,0]}}
,"/Users/gy/WebstormProjects/vue3T/3/src/field/components/field-select.vue": {"path":"/Users/gy/WebstormProjects/vue3T/3/src/field/components/field-select.vue","statementMap":{"0":{"start":{"line":20,"column":0},"end":{"line":null,"column":-1}},"1":{"start":{"line":21,"column":0},"end":{"line":null,"column":-1}},"2":{"start":{"line":59,"column":0},"end":{"line":null,"column":-1}},"3":{"start":{"line":62,"column":0},"end":{"line":null,"column":-1}},"4":{"start":{"line":65,"column":0},"end":{"line":null,"column":-1}},"5":{"start":{"line":68,"column":0},"end":{"line":null,"column":-1}},"6":{"start":{"line":73,"column":0},"end":{"line":null,"column":-1}},"7":{"start":{"line":74,"column":0},"end":{"line":null,"column":-1}},"8":{"start":{"line":77,"column":0},"end":{"line":null,"column":-1}}},"fnMap":{},"branchMap":{"0":{"loc":{"start":{"line":73,"column":0},"end":{"line":null,"column":-1}},"type":"if","locations":[{"start":{"line":73,"column":0},"end":{"line":null,"column":-1}},{"start":{"line":73,"column":0},"end":{"line":null,"column":-1}}]},"1":{"loc":{"start":{"line":74,"column":0},"end":{"line":null,"column":-1}},"type":"binary-expr","locations":[{"start":{"line":74,"column":0},"end":{"line":null,"column":-1}},{"start":{"line":74,"column":0},"end":{"line":null,"column":-1}}]}},"s":{"0":0,"1":0,"2":0,"3":0,"4":0,"5":0,"6":0,"7":0,"8":0},"f":{},"b":{"0":[0,0],"1":[0,0]}}
,"/Users/gy/WebstormProjects/vue3T/3/src/field/components/form-container.vue": {"path":"/Users/gy/WebstormProjects/vue3T/3/src/field/components/form-container.vue","statementMap":{"0":{"start":{"line":12,"column":0},"end":{"line":null,"column":-1}},"1":{"start":{"line":15,"column":0},"end":{"line":24,"column":0}},"2":{"start":{"line":16,"column":0},"end":{"line":23,"column":0}},"3":{"start":{"line":17,"column":0},"end":{"line":22,"column":0}},"4":{"start":{"line":18,"column":0},"end":{"line":null,"column":-1}},"5":{"start":{"line":20,"column":0},"end":{"line":null,"column":-1}},"6":{"start":{"line":21,"column":0},"end":{"line":null,"column":-1}},"7":{"start":{"line":29,"column":0},"end":{"line":null,"column":-1}},"8":{"start":{"line":32,"column":0},"end":{"line":null,"column":-1}},"9":{"start":{"line":35,"column":0},"end":{"line":null,"column":-1}},"10":{"start":{"line":38,"column":0},"end":{"line":null,"column":-1}},"11":{"start":{"line":41,"column":0},"end":{"line":52,"column":0}},"12":{"start":{"line":42,"column":0},"end":{"line":48,"column":0}},"13":{"start":{"line":43,"column":0},"end":{"line":null,"column":-1}},"14":{"start":{"line":46,"column":0},"end":{"line":null,"column":-1}},"15":{"start":{"line":47,"column":0},"end":{"line":null,"column":-1}},"16":{"start":{"line":50,"column":0},"end":{"line":null,"column":-1}},"17":{"start":{"line":51,"column":0},"end":{"line":null,"column":-1}},"18":{"start":{"line":55,"column":0},"end":{"line":60,"column":0}},"19":{"start":{"line":56,"column":0},"end":{"line":null,"column":-1}},"20":{"start":{"line":58,"column":0},"end":{"line":null,"column":-1}},"21":{"start":{"line":59,"column":0},"end":{"line":null,"column":-1}}},"fnMap":{"0":{"name":"(anonymous_1)","decl":{"start":{"line":15,"column":0},"end":{"line":null,"column":-1}},"loc":{"start":{"line":15,"column":0},"end":{"line":24,"column":0}}},"1":{"name":"(anonymous_2)","decl":{"start":{"line":16,"column":0},"end":{"line":null,"column":-1}},"loc":{"start":{"line":16,"column":0},"end":{"line":23,"column":0}}},"2":{"name":"(anonymous_3)","decl":{"start":{"line":41,"column":0},"end":{"line":null,"column":-1}},"loc":{"start":{"line":41,"column":0},"end":{"line":49,"column":0}}},"3":{"name":"(anonymous_4)","decl":{"start":{"line":49,"column":0},"end":{"line":null,"column":-1}},"loc":{"start":{"line":49,"column":0},"end":{"line":52,"column":0}}},"4":{"name":"(anonymous_5)","decl":{"start":{"line":55,"column":0},"end":{"line":null,"column":-1}},"loc":{"start":{"line":55,"column":0},"end":{"line":57,"column":0}}},"5":{"name":"(anonymous_6)","decl":{"start":{"line":57,"column":0},"end":{"line":null,"column":-1}},"loc":{"start":{"line":57,"column":0},"end":{"line":60,"column":0}}}},"branchMap":{"0":{"loc":{"start":{"line":17,"column":0},"end":{"line":22,"column":0}},"type":"if","locations":[{"start":{"line":17,"column":0},"end":{"line":22,"column":0}},{"start":{"line":17,"column":0},"end":{"line":22,"column":0}}]}},"s":{"0":0,"1":0,"2":0,"3":0,"4":0,"5":0,"6":0,"7":0,"8":0,"9":0,"10":0,"11":0,"12":0,"13":0,"14":0,"15":0,"16":0,"17":0,"18":0,"19":0,"20":0,"21":0},"f":{"0":0,"1":0,"2":0,"3":0,"4":0,"5":0},"b":{"0":[0,0]}}
,"/Users/gy/WebstormProjects/vue3T/3/src/field/components/form-item.vue": {"path":"/Users/gy/WebstormProjects/vue3T/3/src/field/components/form-item.vue","statementMap":{"0":{"start":{"line":13,"column":0},"end":{"line":null,"column":-1}},"1":{"start":{"line":36,"column":0},"end":{"line":null,"column":-1}},"2":{"start":{"line":43,"column":0},"end":{"line":null,"column":-1}},"3":{"start":{"line":44,"column":0},"end":{"line":null,"column":-1}}},"fnMap":{},"branchMap":{"0":{"loc":{"start":{"line":36,"column":0},"end":{"line":null,"column":-1}},"type":"cond-expr","locations":[{"start":{"line":36,"column":0},"end":{"line":null,"column":-1}},{"start":{"line":36,"column":0},"end":{"line":null,"column":-1}}]}},"s":{"0":0,"1":0,"2":0,"3":0},"f":{},"b":{"0":[0,0]}}
,"/Users/gy/WebstormProjects/vue3T/3/src/plugins/axios.js": {"path":"/Users/gy/WebstormProjects/vue3T/3/src/plugins/axios.js","statementMap":{"0":{"start":{"line":3,"column":0},"end":{"line":null,"column":-1}},"1":{"start":{"line":4,"column":0},"end":{"line":null,"column":-1}},"2":{"start":{"line":11,"column":13},"end":{"line":11,"column":0}},"3":{"start":{"line":17,"column":15},"end":{"line":17,"column":0}},"4":{"start":{"line":22,"column":4},"end":{"line":null,"column":-1}},"5":{"start":{"line":26,"column":4},"end":{"line":null,"column":-1}},"6":{"start":{"line":31,"column":0},"end":{"line":null,"column":-1}},"7":{"start":{"line":34,"column":4},"end":{"line":null,"column":-1}},"8":{"start":{"line":38,"column":4},"end":{"line":null,"column":-1}},"9":{"start":{"line":42,"column":0},"end":{"line":null,"column":-1}},"10":{"start":{"line":43,"column":2},"end":{"line":null,"column":-1}},"11":{"start":{"line":44,"column":2},"end":{"line":null,"column":-1}},"12":{"start":{"line":45,"column":2},"end":{"line":null,"column":-1}},"13":{"start":{"line":48,"column":8},"end":{"line":null,"column":-1}},"14":{"start":{"line":53,"column":8},"end":{"line":null,"column":-1}},"15":{"start":{"line":59,"column":0},"end":{"line":null,"column":-1}}},"fnMap":{"0":{"name":"(anonymous_0)","decl":{"start":{"line":20,"column":2},"end":{"line":20,"column":10}},"loc":{"start":{"line":20,"column":19},"end":{"line":19,"column":0}}},"1":{"name":"(anonymous_1)","decl":{"start":{"line":24,"column":2},"end":{"line":24,"column":10}},"loc":{"start":{"line":24,"column":18},"end":{"line":19,"column":0}}},"2":{"name":"(anonymous_2)","decl":{"start":{"line":32,"column":2},"end":{"line":32,"column":10}},"loc":{"start":{"line":32,"column":21},"end":{"line":31,"column":0}}},"3":{"name":"(anonymous_3)","decl":{"start":{"line":36,"column":2},"end":{"line":36,"column":10}},"loc":{"start":{"line":36,"column":18},"end":{"line":31,"column":0}}},"4":{"name":"(anonymous_4)","decl":{"start":{"line":42,"column":17},"end":{"line":42,"column":25}},"loc":{"start":{"line":42,"column":40},"end":{"line":42,"column":0}}}},"branchMap":{},"s":{"0":0,"1":0,"2":0,"3":0,"4":0,"5":0,"6":0,"7":0,"8":0,"9":0,"10":0,"11":0,"12":0,"13":0,"14":0,"15":0},"f":{"0":0,"1":0,"2":0,"3":0,"4":0},"b":{}}
,"/Users/gy/WebstormProjects/vue3T/3/src/plugins/element.js": {"path":"/Users/gy/WebstormProjects/vue3T/3/src/plugins/element.js","statementMap":{"0":{"start":{"line":1,"column":0},"end":{"line":null,"column":-1}},"1":{"start":{"line":4,"column":0},"end":{"line":null,"column":-1}}},"fnMap":{},"branchMap":{},"s":{"0":0,"1":0},"f":{},"b":{}}
,"/Users/gy/WebstormProjects/vue3T/3/src/plugins/field.js": {"path":"/Users/gy/WebstormProjects/vue3T/3/src/plugins/field.js","statementMap":{"0":{"start":{"line":1,"column":0},"end":{"line":null,"column":-1}},"1":{"start":{"line":2,"column":0},"end":{"line":null,"column":-1}},"2":{"start":{"line":3,"column":0},"end":{"line":null,"column":-1}}},"fnMap":{},"branchMap":{},"s":{"0":0,"1":0,"2":0},"f":{},"b":{}}
,"/Users/gy/WebstormProjects/vue3T/3/src/views/Home.vue": {"path":"/Users/gy/WebstormProjects/vue3T/3/src/views/Home.vue","statementMap":{"0":{"start":{"line":10,"column":0},"end":{"line":null,"column":-1}}},"fnMap":{},"branchMap":{},"s":{"0":0},"f":{},"b":{}}
,"/Users/gy/WebstormProjects/vue3T/3/tests/mock/styleMock.js": {"path":"/Users/gy/WebstormProjects/vue3T/3/tests/mock/styleMock.js","statementMap":{"0":{"start":{"line":1,"column":0},"end":{"line":1,"column":20}}},"fnMap":{},"branchMap":{},"s":{"0":1},"f":{},"b":{},"_coverageSchema":"332fd63041d2c1bcb487cc26dd0d5f7d97098a6c","hash":"907838ce5307fc37a1ec97409e75c5bd41a23fcd"}
}
